<?xml version="1.0" encoding="UTF-8"?>
<testng-results ignored="0" total="1" passed="1" failed="0" skipped="0">
  <reporter-output>
  </reporter-output>
  <suite started-at="2022-07-15T12:54:44 ICT" name="Command line suite" finished-at="2022-07-15T12:55:34 ICT" duration-ms="49157">
    <groups>
    </groups>
    <test started-at="2022-07-15T12:54:44 ICT" name="Command line test" finished-at="2022-07-15T12:55:34 ICT" duration-ms="49157">
      <class name="vinhtester.com.firstExercise.firstTest">
        <test-method signature="regressionTest()[pri:0, instance:vinhtester.com.firstExercise.firstTest@ca263c2]" started-at="2022-07-15T12:54:45 ICT" name="regressionTest" finished-at="2022-07-15T12:55:34 ICT" duration-ms="49113" status="PASS">
          <reporter-output>
          </reporter-output>
        </test-method> <!-- regressionTest -->
      </class> <!-- vinhtester.com.firstExercise.firstTest -->
    </test> <!-- Command line test -->
  </suite> <!-- Command line suite -->
</testng-results>
