<?xml version="1.0" encoding="UTF-8"?>
<testng-results ignored="0" total="2" passed="2" failed="0" skipped="0">
  <reporter-output>
  </reporter-output>
  <suite started-at="2022-07-13T22:08:56 ICT" name="Default Suite" finished-at="2022-07-13T22:10:04 ICT" duration-ms="67911">
    <groups>
    </groups>
    <test started-at="2022-07-13T22:08:56 ICT" name="vinhtester.com" finished-at="2022-07-13T22:10:04 ICT" duration-ms="67911">
      <class name="vinhtester.com.testNGfirstTry.runtest">
        <test-method is-config="true" signature="loginCRM()[pri:0, instance:vinhtester.com.testNGfirstTry.runtest@6d2a209c]" started-at="2022-07-13T22:08:56 ICT" name="loginCRM" finished-at="2022-07-13T22:09:39 ICT" duration-ms="43587" status="PASS">
          <reporter-output>
          </reporter-output>
        </test-method> <!-- loginCRM -->
        <test-method signature="getTitlePage()[pri:0, instance:vinhtester.com.testNGfirstTry.runtest@6d2a209c]" started-at="2022-07-13T22:09:39 ICT" name="getTitlePage" finished-at="2022-07-13T22:09:41 ICT" duration-ms="1323" status="PASS">
          <reporter-output>
          </reporter-output>
        </test-method> <!-- getTitlePage -->
        <test-method signature="openProjectPage()[pri:0, instance:vinhtester.com.testNGfirstTry.runtest@6d2a209c]" started-at="2022-07-13T22:09:41 ICT" name="openProjectPage" finished-at="2022-07-13T22:10:02 ICT" duration-ms="21462" status="PASS">
          <reporter-output>
          </reporter-output>
        </test-method> <!-- openProjectPage -->
        <test-method is-config="true" signature="closePage()[pri:0, instance:vinhtester.com.testNGfirstTry.runtest@6d2a209c]" started-at="2022-07-13T22:10:02 ICT" name="closePage" finished-at="2022-07-13T22:10:04 ICT" duration-ms="1384" status="PASS">
          <reporter-output>
          </reporter-output>
        </test-method> <!-- closePage -->
      </class> <!-- vinhtester.com.testNGfirstTry.runtest -->
    </test> <!-- vinhtester.com -->
  </suite> <!-- Default Suite -->
</testng-results>
